<?xml version="1.0" encoding="UTF-8"?>
<testng-results skipped="0" failed="0" total="1" passed="1">
  <reporter-output>
  </reporter-output>
  <suite name="Default suite" duration-ms="14867" started-at="2019-12-18T17:07:28Z" finished-at="2019-12-18T17:07:43Z">
    <groups>
    </groups>
    <test name="Default test" duration-ms="14867" started-at="2019-12-18T17:07:28Z" finished-at="2019-12-18T17:07:43Z">
      <class name="com.qa.testcases.LoginTest">
        <test-method status="PASS" signature="loginTest()[pri:0, instance:com.qa.testcases.LoginTest@f6c48ac]" name="loginTest" duration-ms="14851" started-at="2019-12-18T22:37:28Z" finished-at="2019-12-18T22:37:43Z">
          <reporter-output>
          </reporter-output>
        </test-method> <!-- loginTest -->
      </class> <!-- com.qa.testcases.LoginTest -->
    </test> <!-- Default test -->
  </suite> <!-- Default suite -->
</testng-results>
